<?xml version="1.0" encoding="utf-8"?><testsuites><testsuite name="pytest" errors="0" failures="0" skipped="0" tests="4" time="0.564" timestamp="2025-05-22T23:21:01.899186" hostname="61fd07948ce4"><testcase classname="tests.test_00_reindent" name="test_reindent" file="tests/test_00_reindent.py" line="3" time="0.002" /><testcase classname="tests.test_compat" name="test_jinja2_request_factory" file="tests/test_compat.py" line="4" time="0.115" /><testcase classname="tests.test_static_analysis" name="test_static_analysis" file="tests/test_static_analysis.py" line="25" time="0.032" /><testcase classname="tests.test_validate_readme" name="test_validate_readme" file="tests/test_validate_readme.py" line="4" time="0.005" /></testsuite></testsuites>